app/build/intermediates/manifest_merge_blame_file/debug/processDebugMainManifest/manifest-merger-blame-debug-report.txt
1<?xml version="1.0" encoding="utf-8"?>
2<manifest xmlns:android="http://schemas.android.com/apk/res/android"
3    package="com.aba.smartsleep"
4    android:versionCode="1"
5    android:versionName="0.1.0" >
6
7    <uses-sdk
8        android:minSdkVersion="29"
9        android:targetSdkVersion="35" />
10
11    <uses-permission android:name="android.permission.USE_EXACT_ALARM" />
11-->src\main\AndroidManifest.xml:2:5-74
11-->src\main\AndroidManifest.xml:2:22-71
12    <uses-permission android:name="android.permission.POST_NOTIFICATIONS" />
12-->src\main\AndroidManifest.xml:3:5-77
12-->src\main\AndroidManifest.xml:3:22-74
13    <uses-permission android:name="android.permission.USE_FULL_SCREEN_INTENT" />
13-->src\main\AndroidManifest.xml:4:5-81
13-->src\main\AndroidManifest.xml:4:22-78
14
15    <permission
15-->[androidx.core:core:1.13.1] AndroidManifest.xml:22:5-24:47
16        android:name="com.aba.smartsleep.DYNAMIC_RECEIVER_NOT_EXPORTED_PERMISSION"
16-->[androidx.core:core:1.13.1] AndroidManifest.xml:23:9-81
17        android:protectionLevel="signature" />
17-->[androidx.core:core:1.13.1] AndroidManifest.xml:24:9-44
18
19    <uses-permission android:name="com.aba.smartsleep.DYNAMIC_RECEIVER_NOT_EXPORTED_PERMISSION" />
19-->[androidx.core:core:1.13.1] AndroidManifest.xml:26:5-97
19-->[androidx.core:core:1.13.1] AndroidManifest.xml:26:22-94
20
21    <application
21-->src\main\AndroidManifest.xml:6:5-10:19
22        android:appComponentFactory="androidx.core.app.CoreComponentFactory"
22-->[androidx.core:core:1.13.1] AndroidManifest.xml:28:18-86
23        android:debuggable="true"
24        android:extractNativeLibs="false"
25        android:label="Smart Sleep" >
25-->src\main\AndroidManifest.xml:6:18-45
26        <receiver
26-->src\main\AndroidManifest.xml:7:9-9:40
27            android:name="com.aba.smartsleep.app.alarm.AlarmReceiver"
27-->src\main\AndroidManifest.xml:8:13-52
28            android:exported="false" />
28-->src\main\AndroidManifest.xml:9:13-37
29
30        <service
30-->[androidx.room:room-runtime:2.6.1] AndroidManifest.xml:24:9-28:63
31            android:name="androidx.room.MultiInstanceInvalidationService"
31-->[androidx.room:room-runtime:2.6.1] AndroidManifest.xml:25:13-74
32            android:directBootAware="true"
32-->[androidx.room:room-runtime:2.6.1] AndroidManifest.xml:26:13-43
33            android:exported="false" />
33-->[androidx.room:room-runtime:2.6.1] AndroidManifest.xml:27:13-37
34
35        <provider
35-->[androidx.emoji2:emoji2:1.3.0] AndroidManifest.xml:24:9-32:20
36            android:name="androidx.startup.InitializationProvider"
36-->[androidx.emoji2:emoji2:1.3.0] AndroidManifest.xml:25:13-67
37            android:authorities="com.aba.smartsleep.androidx-startup"
37-->[androidx.emoji2:emoji2:1.3.0] AndroidManifest.xml:26:13-68
38            android:exported="false" >
38-->[androidx.emoji2:emoji2:1.3.0] AndroidManifest.xml:27:13-37
39            <meta-data
39-->[androidx.emoji2:emoji2:1.3.0] AndroidManifest.xml:29:13-31:52
40                android:name="androidx.emoji2.text.EmojiCompatInitializer"
40-->[androidx.emoji2:emoji2:1.3.0] AndroidManifest.xml:30:17-75
41                android:value="androidx.startup" />
41-->[androidx.emoji2:emoji2:1.3.0] AndroidManifest.xml:31:17-49
42            <meta-data
42-->[androidx.lifecycle:lifecycle-process:2.8.3] AndroidManifest.xml:29:13-31:52
43                android:name="androidx.lifecycle.ProcessLifecycleInitializer"
43-->[androidx.lifecycle:lifecycle-process:2.8.3] AndroidManifest.xml:30:17-78
44                android:value="androidx.startup" />
44-->[androidx.lifecycle:lifecycle-process:2.8.3] AndroidManifest.xml:31:17-49
45            <meta-data
45-->[androidx.profileinstaller:profileinstaller:1.4.0] AndroidManifest.xml:29:13-31:52
46                android:name="androidx.profileinstaller.ProfileInstallerInitializer"
46-->[androidx.profileinstaller:profileinstaller:1.4.0] AndroidManifest.xml:30:17-85
47                android:value="androidx.startup" />
47-->[androidx.profileinstaller:profileinstaller:1.4.0] AndroidManifest.xml:31:17-49
48        </provider>
49
50        <receiver
50-->[androidx.profileinstaller:profileinstaller:1.4.0] AndroidManifest.xml:34:9-52:20
51            android:name="androidx.profileinstaller.ProfileInstallReceiver"
51-->[androidx.profileinstaller:profileinstaller:1.4.0] AndroidManifest.xml:35:13-76
52            android:directBootAware="false"
52-->[androidx.profileinstaller:profileinstaller:1.4.0] AndroidManifest.xml:36:13-44
53            android:enabled="true"
53-->[androidx.profileinstaller:profileinstaller:1.4.0] AndroidManifest.xml:37:13-35
54            android:exported="true"
54-->[androidx.profileinstaller:profileinstaller:1.4.0] AndroidManifest.xml:38:13-36
55            android:permission="android.permission.DUMP" >
55-->[androidx.profileinstaller:profileinstaller:1.4.0] AndroidManifest.xml:39:13-57
56            <intent-filter>
56-->[androidx.profileinstaller:profileinstaller:1.4.0] AndroidManifest.xml:40:13-42:29
57                <action android:name="androidx.profileinstaller.action.INSTALL_PROFILE" />
57-->[androidx.profileinstaller:profileinstaller:1.4.0] AndroidManifest.xml:41:17-91
57-->[androidx.profileinstaller:profileinstaller:1.4.0] AndroidManifest.xml:41:25-88
58            </intent-filter>
59            <intent-filter>
59-->[androidx.profileinstaller:profileinstaller:1.4.0] AndroidManifest.xml:43:13-45:29
60                <action android:name="androidx.profileinstaller.action.SKIP_FILE" />
60-->[androidx.profileinstaller:profileinstaller:1.4.0] AndroidManifest.xml:44:17-85
60-->[androidx.profileinstaller:profileinstaller:1.4.0] AndroidManifest.xml:44:25-82
61            </intent-filter>
62            <intent-filter>
62-->[androidx.profileinstaller:profileinstaller:1.4.0] AndroidManifest.xml:46:13-48:29
63                <action android:name="androidx.profileinstaller.action.SAVE_PROFILE" />
63-->[androidx.profileinstaller:profileinstaller:1.4.0] AndroidManifest.xml:47:17-88
63-->[androidx.profileinstaller:profileinstaller:1.4.0] AndroidManifest.xml:47:25-85
64            </intent-filter>
65            <intent-filter>
65-->[androidx.profileinstaller:profileinstaller:1.4.0] AndroidManifest.xml:49:13-51:29
66                <action android:name="androidx.profileinstaller.action.BENCHMARK_OPERATION" />
66-->[androidx.profileinstaller:profileinstaller:1.4.0] AndroidManifest.xml:50:17-95
66-->[androidx.profileinstaller:profileinstaller:1.4.0] AndroidManifest.xml:50:25-92
67            </intent-filter>
68        </receiver>
69    </application>
70
71</manifest>